\BOOKMARK [0][-]{chapter.1}{\376\377\000M\000i\000s\000u\000r\000a\000\040\000d\000i\000\040\000g\000r\000a\000n\000d\000e\000z\000z\000e}{}% 1
\BOOKMARK [1][-]{section.1.1}{\376\377\000I\000n\000t\000r\000o\000d\000u\000z\000i\000o\000n\000e}{chapter.1}% 2
\BOOKMARK [1][-]{section.1.2}{\376\377\000F\000o\000r\000m\000u\000l\000e\000\040\000e\000\040\000f\000o\000r\000m\000u\000l\000e\000\040\000i\000n\000v\000e\000r\000s\000e}{chapter.1}% 3
\BOOKMARK [1][-]{section.1.3}{\376\377\000S\000i\000s\000t\000e\000m\000a\000\040\000i\000n\000t\000e\000r\000n\000a\000z\000i\000o\000n\000a\000l\000e\000\040\000S\000.\000I\000.}{chapter.1}% 4
\BOOKMARK [1][-]{section.1.4}{\376\377\000S\000e\000n\000s\000i\000b\000i\000l\000i\000t\000\340\000\040\000e\000\040\000s\000c\000r\000i\000t\000t\000u\000r\000a\000\040\000f\000o\000r\000m\000a\000l\000e}{chapter.1}% 5
\BOOKMARK [1][-]{section.1.5}{\376\377\000P\000r\000o\000p\000r\000i\000e\000t\000\340\000\040\000d\000e\000g\000l\000i\000\040\000s\000t\000r\000u\000m\000e\000n\000t\000i}{chapter.1}% 6
\BOOKMARK [1][-]{section.1.6}{\376\377\000E\000q\000u\000i\000v\000a\000l\000e\000n\000z\000e\000\040\000e\000\040\000n\000o\000t\000a\000z\000i\000o\000n\000e\000\040\000s\000c\000i\000e\000n\000t\000i\000f\000i\000c\000a}{chapter.1}% 7
\BOOKMARK [2][-]{subsection.1.6.1}{\376\377\000P\000o\000t\000e\000n\000z\000e\000\040\000d\000i\000\040\0001\0000}{section.1.6}% 8
\BOOKMARK [2][-]{subsection.1.6.2}{\376\377\000N\000o\000t\000a\000z\000i\000o\000n\000e\000\040\000s\000c\000i\000e\000n\000t\000i\000f\000i\000c\000a}{section.1.6}% 9
\BOOKMARK [1][-]{section.1.7}{\376\377\000A\000l\000c\000u\000n\000i\000\040\000e\000s\000e\000m\000p\000i\000\040\000s\000u\000l\000l\000a\000\040\000s\000e\000n\000s\000i\000b\000i\000l\000i\000t\000\340\000\040\000e\000\040\000l\000a\000\040\000p\000o\000r\000t\000a\000t\000a}{chapter.1}% 10
\BOOKMARK [1][-]{section.1.8}{\376\377\000C\000i\000f\000r\000e\000\040\000s\000i\000g\000n\000i\000f\000i\000c\000a\000t\000i\000v\000e}{chapter.1}% 11
\BOOKMARK [2][-]{subsection.1.8.1}{\376\377\000V\000a\000l\000u\000t\000a\000z\000i\000o\000n\000e\000\040\000a\000\040\000v\000i\000s\000t\000a\000\040\000d\000e\000l\000l\000e\000\040\000c\000i\000f\000r\000e\000\040\000s\000i\000g\000n\000i\000f\000i\000c\000a\000t\000i\000v\000e}{section.1.8}% 12
\BOOKMARK [2][-]{subsection.1.8.2}{\376\377\000C\000i\000f\000r\000e\000\040\000s\000i\000g\000n\000i\000f\000i\000c\000a\000t\000i\000v\000e\000\040\000n\000e\000l\000l\000e\000\040\000o\000p\000e\000r\000a\000z\000i\000o\000n\000i}{section.1.8}% 13
\BOOKMARK [1][-]{section.1.9}{\376\377\000A\000r\000e\000a\000\040\000e\000\040\000v\000o\000l\000u\000m\000e}{chapter.1}% 14
\BOOKMARK [1][-]{section.1.10}{\376\377\000V\000o\000l\000u\000m\000i\000\040\000d\000i\000\040\000s\000o\000l\000i\000d\000i\000\040\000r\000e\000g\000o\000l\000a\000r\000i}{chapter.1}% 15
\BOOKMARK [2][-]{subsection.1.10.1}{\376\377\000C\000u\000b\000o}{section.1.10}% 16
\BOOKMARK [2][-]{subsection.1.10.2}{\376\377\000P\000a\000r\000a\000l\000l\000e\000l\000e\000p\000i\000p\000e\000d\000o}{section.1.10}% 17
\BOOKMARK [2][-]{subsection.1.10.3}{\376\377\000C\000i\000l\000i\000n\000d\000r\000o}{section.1.10}% 18
\BOOKMARK [2][-]{subsection.1.10.4}{\376\377\000C\000o\000n\000o\000\040\000a\000\040\000b\000a\000s\000e\000\040\000r\000e\000t\000t\000a}{section.1.10}% 19
\BOOKMARK [2][-]{subsection.1.10.5}{\376\377\000S\000f\000e\000r\000a}{section.1.10}% 20
\BOOKMARK [2][-]{subsection.1.10.6}{\376\377\000E\000s\000e\000r\000c\000i\000z\000i\000\040\000s\000v\000o\000l\000t\000i}{section.1.10}% 21
\BOOKMARK [1][-]{section.1.11}{\376\377\000D\000e\000n\000s\000i\000t\000\340}{chapter.1}% 22
\BOOKMARK [0][-]{chapter.2}{\376\377\000E\000r\000r\000o\000r\000i\000\040\000d\000i\000\040\000m\000i\000s\000u\000r\000a}{}% 23
\BOOKMARK [1][-]{section.2.1}{\376\377\000I\000n\000c\000e\000r\000t\000e\000z\000z\000a\000\040\000n\000e\000l\000l\000e\000\040\000m\000i\000s\000u\000r\000e\000\040\000r\000i\000p\000e\000t\000u\000t\000e\000\040}{chapter.2}% 24
\BOOKMARK [1][-]{section.2.2}{\376\377\000I\000n\000c\000e\000r\000t\000e\000z\000z\000a\000\040\000r\000e\000l\000a\000t\000i\000v\000a\000\040\000e\000\040\000e\000\040\000p\000e\000r\000c\000e\000n\000t\000u\000a\000l\000e}{chapter.2}% 25
\BOOKMARK [1][-]{section.2.3}{\376\377\000E\000s\000e\000r\000c\000i\000z\000i}{chapter.2}% 26
\BOOKMARK [1][-]{section.2.4}{\376\377\000C\000o\000n\000f\000r\000o\000n\000t\000o\000\040\000t\000r\000a\000\040\000m\000i\000s\000u\000r\000e}{chapter.2}% 27
\BOOKMARK [1][-]{section.2.5}{\376\377\000E\000s\000e\000r\000c\000i\000z\000i}{chapter.2}% 28
\BOOKMARK [1][-]{section.2.6}{\376\377\000M\000i\000s\000u\000r\000e\000\040\000i\000n\000d\000i\000r\000e\000t\000t\000e\000:\000\040\000p\000r\000o\000p\000a\000g\000a\000z\000i\000o\000n\000e\000\040\000d\000e\000g\000l\000i\000\040\000e\000r\000r\000o\000r\000i}{chapter.2}% 29
\BOOKMARK [2][-]{subsection.2.6.1}{\376\377\000S\000o\000m\000m\000e\000/\000d\000i\000f\000f\000e\000r\000e\000n\000z\000e}{section.2.6}% 30
\BOOKMARK [2][-]{subsection.2.6.2}{\376\377\000M\000o\000l\000t\000i\000p\000l\000i\000c\000a\000z\000i\000o\000n\000i\000/\000d\000i\000v\000i\000s\000i\000o\000n\000i}{section.2.6}% 31
\BOOKMARK [2][-]{subsection.2.6.3}{\376\377\000E\000s\000e\000r\000c\000i\000z\000i}{section.2.6}% 32
\BOOKMARK [0][-]{chapter.3}{\376\377\000G\000r\000a\000f\000i\000c\000i\000\040\000d\000i\000\040\000m\000i\000s\000u\000r\000e}{}% 33
\BOOKMARK [1][-]{section.3.1}{\376\377\000U\000n\000\040\000e\000s\000e\000m\000p\000i\000o\000\040\000d\000i\000\040\000g\000r\000a\000f\000i\000c\000o\000\040\000r\000e\000a\000l\000i\000z\000z\000a\000t\000o\000\040\000a\000\040\000m\000a\000n\000o}{chapter.3}% 34
\BOOKMARK [2][-]{subsection.3.1.1}{\376\377\000D\000i\000s\000e\000g\000n\000o\000\040\000d\000e\000g\000l\000i\000\040\000a\000s\000s\000i\000\040\000e\000\040\000t\000i\000t\000o\000l\000o\000\040\000d\000e\000l\000\040\000g\000r\000a\000f\000i\000c\000o}{section.3.1}% 35
\BOOKMARK [2][-]{subsection.3.1.2}{\376\377\000S\000c\000e\000l\000t\000a\000\040\000d\000e\000i\000\040\000f\000a\000t\000t\000o\000r\000i\000\040\000d\000i\000\040\000s\000c\000a\000l\000a\000\040\000i\000\040\000v\000a\000l\000o\000r\000i\000\040\000m\000a\000g\000g\000i\000o\000r\000i}{section.3.1}% 36
\BOOKMARK [1][-]{section.3.2}{\376\377\000U\000s\000o\000\040\000d\000i\000\040\000u\000n\000\040\000f\000o\000g\000l\000i\000o\000\040\000d\000i\000\040\000c\000a\000l\000c\000o\000l\000o}{chapter.3}% 37
\BOOKMARK [2][-]{subsection.3.2.1}{\376\377\000I\000n\000s\000e\000r\000i\000r\000e\000\040\000e\000\040\000m\000o\000d\000i\000f\000i\000c\000a\000r\000e\000\040\000i\000\040\000d\000a\000t\000i}{section.3.2}% 38
\BOOKMARK [2][-]{subsection.3.2.2}{\376\377\000F\000o\000r\000m\000a\000t\000o\000\040\000d\000i\000\040\000u\000n\000a\000\040\000c\000e\000l\000l\000a}{section.3.2}% 39
\BOOKMARK [2][-]{subsection.3.2.3}{\376\377\000I\000n\000s\000e\000r\000i\000r\000e\000\040\000e\000\040\000m\000o\000d\000i\000f\000i\000c\000a\000r\000e\000\040\000l\000e\000\040\000f\000o\000r\000m\000u\000l\000e}{section.3.2}% 40
\BOOKMARK [2][-]{subsection.3.2.4}{\376\377\000G\000r\000a\000f\000i\000c\000i}{section.3.2}% 41
\BOOKMARK [2][-]{subsection.3.2.5}{\376\377\000E\000l\000e\000m\000e\000n\000t\000i\000\040\000a\000c\000c\000e\000s\000s\000o\000r\000i\000\040\000p\000e\000r\000\040\000l\000'\000a\000n\000a\000l\000i\000s\000i\000\040\000d\000e\000i\000\040\000d\000a\000t\000i}{section.3.2}% 42
\BOOKMARK [1][-]{section.3.3}{\376\377\000U\000s\000o\000\040\000d\000e\000i\000\040\000f\000o\000g\000l\000i\000\040\000G\000o\000o\000g\000l\000e}{chapter.3}% 43
\BOOKMARK [2][-]{subsection.3.3.1}{\376\377\000C\000r\000e\000a\000z\000i\000o\000n\000e\000\040\000d\000e\000l\000\040\000D\000o\000c\000u\000m\000e\000n\000t\000o}{section.3.3}% 44
\BOOKMARK [2][-]{subsection.3.3.2}{\376\377\000I\000n\000s\000e\000r\000i\000m\000e\000n\000t\000o\000\040\000d\000e\000i\000\040\000d\000a\000t\000i}{section.3.3}% 45
\BOOKMARK [2][-]{subsection.3.3.3}{\376\377\000C\000r\000e\000a\000z\000i\000o\000n\000e\000\040\000d\000e\000l\000\040\000G\000r\000a\000f\000i\000c\000o\000\040\000a\000\040\000D\000i\000s\000p\000e\000r\000s\000i\000o\000n\000e}{section.3.3}% 46
\BOOKMARK [2][-]{subsection.3.3.4}{\376\377\000P\000e\000r\000s\000o\000n\000a\000l\000i\000z\000z\000a\000z\000i\000o\000n\000e\000\040\000d\000e\000l\000\040\000G\000r\000a\000f\000i\000c\000o}{section.3.3}% 47
\BOOKMARK [2][-]{subsection.3.3.5}{\376\377\000V\000i\000s\000u\000a\000l\000i\000z\000z\000a\000r\000e\000\040\000d\000u\000e\000\040\000G\000r\000a\000f\000i\000c\000i\000\040\000C\000o\000n\000t\000e\000m\000p\000o\000r\000a\000n\000e\000a\000m\000e\000n\000t\000e}{section.3.3}% 48
\BOOKMARK [2][-]{subsection.3.3.6}{\376\377\000C\000o\000n\000c\000l\000u\000s\000i\000o\000n\000e}{section.3.3}% 49
\BOOKMARK [0][-]{chapter.4}{\376\377\000R\000e\000l\000a\000z\000i\000o\000n\000i\000\040\000d\000i\000\040\000L\000a\000b\000o\000r\000a\000t\000o\000r\000i\000o}{}% 50
\BOOKMARK [1][-]{section.4.1}{\376\377\000T\000i\000t\000o\000l\000o\000\040\000e\000\040\000S\000c\000o\000p\000o\000\040\000d\000e\000l\000l\000'\000E\000s\000p\000e\000r\000i\000e\000n\000z\000a}{chapter.4}% 51
\BOOKMARK [1][-]{section.4.2}{\376\377\000M\000a\000t\000e\000r\000i\000a\000l\000i\000\040\000e\000\040\000S\000t\000r\000u\000m\000e\000n\000t\000i}{chapter.4}% 52
\BOOKMARK [1][-]{section.4.3}{\376\377\000R\000a\000c\000c\000o\000l\000t\000a\000\040\000D\000a\000t\000i}{chapter.4}% 53
\BOOKMARK [1][-]{section.4.4}{\376\377\000C\000e\000n\000n\000i\000\040\000T\000e\000o\000r\000i\000c\000i}{chapter.4}% 54
\BOOKMARK [1][-]{section.4.5}{\376\377\000E\000l\000a\000b\000o\000r\000a\000z\000i\000o\000n\000e\000\040\000D\000a\000t\000i}{chapter.4}% 55
\BOOKMARK [1][-]{section.4.6}{\376\377\000C\000a\000l\000c\000o\000l\000o\000\040\000d\000e\000g\000l\000i\000\040\000E\000r\000r\000o\000r\000i\000\040\000n\000e\000l\000l\000e\000\040\000M\000i\000s\000u\000r\000e\000\040\000I\000n\000d\000i\000r\000e\000t\000t\000e}{chapter.4}% 56
\BOOKMARK [1][-]{section.4.7}{\376\377\000G\000r\000a\000f\000i\000c\000o\000\040\000S\000p\000e\000r\000i\000m\000e\000n\000t\000a\000l\000e}{chapter.4}% 57
\BOOKMARK [1][-]{section.4.8}{\376\377\000C\000o\000n\000c\000l\000u\000s\000i\000o\000n\000i}{chapter.4}% 58
\BOOKMARK [1][-]{section.4.9}{\376\377\000E\000s\000e\000m\000p\000i\000o\000:\000\040\000S\000t\000u\000d\000i\000o\000\040\000d\000e\000l\000\040\000M\000o\000t\000o}{chapter.4}% 59
\BOOKMARK [2][-]{subsection.4.9.1}{\376\377\000T\000i\000t\000o\000l\000o\000\040\000e\000\040\000S\000c\000o\000p\000o\000\040\000d\000e\000l\000l\000'\000E\000s\000p\000e\000r\000i\000e\000n\000z\000a}{section.4.9}% 60
\BOOKMARK [2][-]{subsection.4.9.2}{\376\377\000M\000a\000t\000e\000r\000i\000a\000l\000i\000\040\000e\000\040\000S\000t\000r\000u\000m\000e\000n\000t\000i}{section.4.9}% 61
\BOOKMARK [2][-]{subsection.4.9.3}{\376\377\000R\000a\000c\000c\000o\000l\000t\000a\000\040\000D\000a\000t\000i}{section.4.9}% 62
\BOOKMARK [2][-]{subsection.4.9.4}{\376\377\000C\000e\000n\000n\000i\000\040\000T\000e\000o\000r\000i\000c\000i}{section.4.9}% 63
\BOOKMARK [2][-]{subsection.4.9.5}{\376\377\000E\000l\000a\000b\000o\000r\000a\000z\000i\000o\000n\000e\000\040\000D\000a\000t\000i}{section.4.9}% 64
\BOOKMARK [2][-]{subsection.4.9.6}{\376\377\000C\000a\000l\000c\000o\000l\000o\000\040\000d\000e\000g\000l\000i\000\040\000E\000r\000r\000o\000r\000i\000\040\000n\000e\000l\000l\000e\000\040\000M\000i\000s\000u\000r\000e\000\040\000I\000n\000d\000i\000r\000e\000t\000t\000e}{section.4.9}% 65
\BOOKMARK [2][-]{subsection.4.9.7}{\376\377\000G\000r\000a\000f\000i\000c\000o\000\040\000S\000p\000e\000r\000i\000m\000e\000n\000t\000a\000l\000e}{section.4.9}% 66
\BOOKMARK [2][-]{subsection.4.9.8}{\376\377\000C\000o\000n\000c\000l\000u\000s\000i\000o\000n\000i}{section.4.9}% 67
\BOOKMARK [1][-]{section.4.10}{\376\377\000S\000e\000c\000o\000n\000d\000o\000\040\000P\000r\000i\000n\000c\000i\000p\000i\000o\000\040\000d\000e\000l\000l\000a\000\040\000D\000i\000n\000a\000m\000i\000c\000a}{chapter.4}% 68
\BOOKMARK [2][-]{subsection.4.10.1}{\376\377\000S\000c\000o\000p\000o\000\040\000d\000e\000l\000l\000'\000E\000s\000p\000e\000r\000i\000m\000e\000n\000t\000o}{section.4.10}% 69
\BOOKMARK [2][-]{subsection.4.10.2}{\376\377\000C\000e\000n\000n\000i\000\040\000T\000e\000o\000r\000i\000c\000i}{section.4.10}% 70
\BOOKMARK [2][-]{subsection.4.10.3}{\376\377\000M\000a\000t\000e\000r\000i\000a\000l\000i}{section.4.10}% 71
\BOOKMARK [2][-]{subsection.4.10.4}{\376\377\000S\000t\000r\000u\000m\000e\000n\000t\000i\000\040\000d\000i\000\040\000M\000i\000s\000u\000r\000a}{section.4.10}% 72
\BOOKMARK [2][-]{subsection.4.10.5}{\376\377\000P\000r\000e\000s\000a\000\040\000D\000a\000t\000i}{section.4.10}% 73
\BOOKMARK [2][-]{subsection.4.10.6}{\376\377\000E\000l\000a\000b\000o\000r\000a\000z\000i\000o\000n\000e\000\040\000D\000a\000t\000i}{section.4.10}% 74
\BOOKMARK [2][-]{subsection.4.10.7}{\376\377\000C\000o\000n\000c\000l\000u\000s\000i\000o\000n\000i}{section.4.10}% 75
\BOOKMARK [2][-]{subsection.4.10.8}{\376\377\000T\000i\000t\000o\000l\000o\000\040\000e\000\040\000S\000c\000o\000p\000o\000\040\000d\000e\000l\000l\000'\000E\000s\000p\000e\000r\000i\000e\000n\000z\000a}{section.4.10}% 76
\BOOKMARK [2][-]{subsection.4.10.9}{\376\377\000M\000a\000t\000e\000r\000i\000a\000l\000i\000\040\000e\000\040\000S\000t\000r\000u\000m\000e\000n\000t\000i}{section.4.10}% 77
\BOOKMARK [2][-]{subsection.4.10.10}{\376\377\000R\000a\000c\000c\000o\000l\000t\000a\000\040\000D\000a\000t\000i}{section.4.10}% 78
\BOOKMARK [2][-]{subsection.4.10.11}{\376\377\000C\000e\000n\000n\000i\000\040\000T\000e\000o\000r\000i\000c\000i}{section.4.10}% 79
\BOOKMARK [2][-]{subsection.4.10.12}{\376\377\000E\000l\000a\000b\000o\000r\000a\000z\000i\000o\000n\000e\000\040\000D\000a\000t\000i}{section.4.10}% 80
\BOOKMARK [2][-]{subsection.4.10.13}{\376\377\000C\000a\000l\000c\000o\000l\000o\000\040\000d\000e\000g\000l\000i\000\040\000E\000r\000r\000o\000r\000i\000\040\000n\000e\000l\000l\000e\000\040\000M\000i\000s\000u\000r\000e\000\040\000I\000n\000d\000i\000r\000e\000t\000t\000e}{section.4.10}% 81
\BOOKMARK [2][-]{subsection.4.10.14}{\376\377\000G\000r\000a\000f\000i\000c\000o\000\040\000S\000p\000e\000r\000i\000m\000e\000n\000t\000a\000l\000e}{section.4.10}% 82
\BOOKMARK [2][-]{subsection.4.10.15}{\376\377\000C\000o\000n\000c\000l\000u\000s\000i\000o\000n\000i}{section.4.10}% 83
\BOOKMARK [1][-]{section.4.11}{\376\377\000C\000a\000d\000u\000t\000a\000\040\000l\000u\000n\000g\000o\000\040\000u\000n\000\040\000p\000i\000a\000n\000o\000\040\000i\000n\000c\000l\000i\000n\000a\000t\000o}{chapter.4}% 84
\BOOKMARK [2][-]{subsection.4.11.1}{\376\377\000O\000b\000i\000e\000t\000t\000i\000v\000o}{section.4.11}% 85
\BOOKMARK [2][-]{subsection.4.11.2}{\376\377\000M\000a\000t\000e\000r\000i\000a\000l\000i}{section.4.11}% 86
\BOOKMARK [2][-]{subsection.4.11.3}{\376\377\000S\000t\000r\000u\000m\000e\000n\000t\000i}{section.4.11}% 87
\BOOKMARK [2][-]{subsection.4.11.4}{\376\377\000P\000r\000o\000c\000e\000d\000u\000r\000a}{section.4.11}% 88
\BOOKMARK [2][-]{subsection.4.11.5}{\376\377\000D\000a\000t\000i\000\040\000e\000\040\000C\000a\000l\000c\000o\000l\000i}{section.4.11}% 89
\BOOKMARK [2][-]{subsection.4.11.6}{\376\377\000G\000r\000a\000f\000i\000c\000o}{section.4.11}% 90
\BOOKMARK [2][-]{subsection.4.11.7}{\376\377\000A\000n\000a\000l\000i\000s\000i\000\040\000d\000e\000l\000\040\000F\000i\000t\000\040\000L\000i\000n\000e\000a\000r\000e}{section.4.11}% 91
\BOOKMARK [2][-]{subsection.4.11.8}{\376\377\000C\000o\000n\000c\000l\000u\000s\000i\000o\000n\000i}{section.4.11}% 92
\BOOKMARK [0][-]{chapter.5}{\376\377\000G\000u\000i\000d\000a\000\040\000l\000i\000n\000g\000u\000a\000g\000g\000i\000o\000\040\000p\000y\000t\000h\000o\000n}{}% 93
\BOOKMARK [1][-]{section.5.1}{\376\377\000I\000n\000t\000r\000o\000d\000u\000z\000i\000o\000n\000e}{chapter.5}% 94
\BOOKMARK [1][-]{section.5.2}{\376\377\000S\000i\000n\000t\000a\000s\000s\000i\000\040\000B\000a\000s\000e\000\040\000e\000\040\000A\000m\000b\000i\000e\000n\000t\000e\000\040\000d\000i\000\040\000S\000v\000i\000l\000u\000p\000p\000o\000\040\000G\000o\000o\000g\000l\000e\000\040\000C\000o\000l\000a\000b}{chapter.5}% 95
\BOOKMARK [2][-]{subsection.5.2.1}{\376\377\000A\000c\000c\000e\000d\000e\000r\000e\000\040\000a\000\040\000G\000o\000o\000g\000l\000e\000\040\000C\000o\000l\000a\000b}{section.5.2}% 96
\BOOKMARK [2][-]{subsection.5.2.2}{\376\377\000S\000c\000r\000i\000v\000e\000r\000e\000\040\000e\000d\000\040\000E\000s\000e\000g\000u\000i\000r\000e\000\040\000C\000o\000d\000i\000c\000e}{section.5.2}% 97
\BOOKMARK [1][-]{section.5.3}{\376\377\000E\000l\000e\000m\000e\000n\000t\000i\000\040\000d\000e\000l\000\040\000L\000i\000n\000g\000u\000a\000g\000g\000i\000o\000\040\000P\000y\000t\000h\000o\000n}{chapter.5}% 98
\BOOKMARK [2][-]{subsection.5.3.1}{\376\377\000V\000a\000r\000i\000a\000b\000i\000l\000i\000\040\000e\000\040\000O\000g\000g\000e\000t\000t\000i}{section.5.3}% 99
\BOOKMARK [2][-]{subsection.5.3.2}{\376\377\000S\000t\000r\000i\000n\000g\000h\000e}{section.5.3}% 100
\BOOKMARK [2][-]{subsection.5.3.3}{\376\377\000C\000o\000s\000t\000r\000u\000t\000t\000o\000\040\000d\000i\000\040\000S\000e\000l\000e\000z\000i\000o\000n\000e}{section.5.3}% 101
\BOOKMARK [2][-]{subsection.5.3.4}{\376\377\000C\000o\000n\000t\000r\000o\000l\000l\000o\000\040\000d\000i\000\040\000F\000l\000u\000s\000s\000o}{section.5.3}% 102
\BOOKMARK [1][-]{section.5.4}{\376\377\000E\000l\000e\000m\000e\000n\000t\000i\000\040\000d\000i\000\040\000N\000u\000m\000P\000y}{chapter.5}% 103
\BOOKMARK [2][-]{subsection.5.4.1}{\376\377\000A\000r\000r\000a\000y}{section.5.4}% 104
\BOOKMARK [2][-]{subsection.5.4.2}{\376\377\000G\000e\000n\000e\000r\000a\000z\000i\000o\000n\000e\000\040\000d\000i\000\040\000A\000r\000r\000a\000y}{section.5.4}% 105
\BOOKMARK [2][-]{subsection.5.4.3}{\376\377\000I\000n\000d\000i\000c\000i\000z\000z\000a\000z\000i\000o\000n\000e\000\040\000d\000e\000g\000l\000i\000\040\000A\000r\000r\000a\000y}{section.5.4}% 106
\BOOKMARK [2][-]{subsection.5.4.4}{\376\377\000M\000a\000t\000e\000m\000a\000t\000i\000c\000a\000\040\000c\000o\000n\000\040\000g\000l\000i\000\040\000A\000r\000r\000a\000y}{section.5.4}% 107
\BOOKMARK [2][-]{subsection.5.4.5}{\376\377\000P\000r\000i\000n\000c\000i\000p\000a\000l\000i\000\040\000F\000u\000n\000z\000i\000o\000n\000i\000\040\000M\000a\000t\000e\000m\000a\000t\000i\000c\000h\000e\000\040\000d\000i\000\040\000N\000u\000m\000P\000y}{section.5.4}% 108
\BOOKMARK [2][-]{subsection.5.4.6}{\376\377\000P\000r\000o\000p\000a\000g\000a\000z\000i\000o\000n\000e\000\040\000d\000e\000g\000l\000i\000\040\000e\000r\000r\000o\000r\000i\000\040\000m\000a\000s\000s\000i\000m\000i}{section.5.4}% 109
\BOOKMARK [1][-]{section.5.5}{\376\377\000E\000l\000e\000m\000e\000n\000t\000i\000\040\000d\000i\000\040\000M\000a\000t\000p\000l\000o\000t\000l\000i\000b}{chapter.5}% 110
\BOOKMARK [2][-]{subsection.5.5.1}{\376\377\000G\000r\000a\000f\000i\000c\000i\000\040\000a\000\040\000D\000i\000s\000p\000e\000r\000s\000i\000o\000n\000e}{section.5.5}% 111
\BOOKMARK [2][-]{subsection.5.5.2}{\376\377\000G\000r\000a\000f\000i\000c\000i\000\040\000c\000o\000n\000\040\000B\000a\000r\000r\000e\000\040\000d\000i\000\040\000E\000r\000r\000o\000r\000e}{section.5.5}% 112
\BOOKMARK [2][-]{subsection.5.5.3}{\376\377\000G\000r\000a\000f\000i\000c\000o\000\040\000S\000p\000a\000z\000i\000o\000-\000T\000e\000m\000p\000o\000\040\000e\000\040\000V\000e\000l\000o\000c\000i\000t\000\340\000-\000T\000e\000m\000p\000o\000\040\000p\000e\000r\000\040\000M\000o\000t\000o\000\040\000U\000n\000i\000f\000o\000r\000m\000e\000\040\000a\000\040\000T\000r\000a\000t\000t\000i}{section.5.5}% 113
\BOOKMARK [2][-]{subsection.5.5.4}{\376\377\000G\000r\000a\000f\000i\000c\000o\000\040\000A\000l\000t\000e\000z\000z\000a\000-\000D\000i\000a\000m\000e\000t\000r\000o\000\040\000d\000i\000\040\000u\000n\000\040\000C\000i\000l\000i\000n\000d\000r\000o\000\040\000c\000o\000n\000\040\000V\000o\000l\000u\000m\000e\000\040\000F\000i\000s\000s\000o}{section.5.5}% 114
\BOOKMARK [0][-]{chapter.6}{\376\377\000S\000t\000a\000t\000i\000s\000t\000i\000c\000a}{}% 115
\BOOKMARK [1][-]{section.6.1}{\376\377\000I\000n\000t\000r\000o\000d\000u\000z\000i\000o\000n\000e}{chapter.6}% 116
\BOOKMARK [1][-]{section.6.2}{\376\377\000D\000i\000s\000t\000r\000i\000b\000u\000z\000i\000o\000n\000e\000\040\000d\000i\000\040\000P\000r\000o\000b\000a\000b\000i\000l\000i\000t\000\340}{chapter.6}% 117
\BOOKMARK [1][-]{section.6.3}{\376\377\000C\000o\000s\000a\000\040\000s\000o\000n\000o\000\040\000g\000l\000i\000\040\000I\000s\000t\000o\000g\000r\000a\000m\000m\000i\000\040\000a\000\040\000B\000i\000n\000s}{chapter.6}% 118
\BOOKMARK [1][-]{section.6.4}{\376\377\000E\000s\000e\000m\000p\000i\000o\000\040\000d\000i\000\040\000I\000s\000t\000o\000g\000r\000a\000m\000m\000a}{chapter.6}% 119
\BOOKMARK [2][-]{subsection.6.4.1}{\376\377\000C\000o\000d\000i\000c\000e\000\040\000P\000y\000t\000h\000o\000n\000\040\000p\000e\000r\000\040\000G\000e\000n\000e\000r\000a\000r\000e\000\040\000l\000'\000I\000s\000t\000o\000g\000r\000a\000m\000m\000a}{section.6.4}% 120
\BOOKMARK [2][-]{subsection.6.4.2}{\376\377\000L\000a\000\040\000C\000u\000r\000v\000a\000\040\000d\000i\000\040\000G\000a\000u\000s\000s}{section.6.4}% 121
\BOOKMARK [1][-]{section.6.5}{\376\377\000E\000s\000e\000m\000p\000i\000o\000\040\000d\000i\000\040\000i\000s\000t\000o\000g\000r\000a\000m\000m\000a\000\040\000s\000p\000e\000r\000i\000m\000e\000n\000t\000a\000l\000e}{chapter.6}% 122
\BOOKMARK [2][-]{subsection.6.5.1}{\376\377\000I\000n\000t\000r\000o\000d\000u\000z\000i\000o\000n\000e}{section.6.5}% 123
\BOOKMARK [2][-]{subsection.6.5.2}{\376\377\000D\000e\000s\000c\000r\000i\000z\000i\000o\000n\000e\000\040\000d\000e\000l\000l\000'\000e\000s\000p\000e\000r\000i\000m\000e\000n\000t\000o}{section.6.5}% 124
\BOOKMARK [2][-]{subsection.6.5.3}{\376\377\000F\000i\000s\000i\000c\000a\000\040\000d\000e\000l\000l\000'\000e\000s\000p\000e\000r\000i\000m\000e\000n\000t\000o}{section.6.5}% 125
\BOOKMARK [2][-]{subsection.6.5.4}{\376\377\000C\000r\000e\000a\000z\000i\000o\000n\000e\000\040\000d\000e\000l\000l\000'\000i\000s\000t\000o\000g\000r\000a\000m\000m\000a\000\040\000c\000o\000n\000\040\000P\000y\000t\000h\000o\000n}{section.6.5}% 126
\BOOKMARK [2][-]{subsection.6.5.5}{\376\377\000R\000i\000s\000u\000l\000t\000a\000t\000i}{section.6.5}% 127
\BOOKMARK [1][-]{section.6.6}{\376\377\000A\000p\000p\000r\000o\000s\000s\000i\000m\000a\000z\000i\000o\000n\000e\000\040\000d\000e\000l\000l\000a\000\040\000G\000a\000u\000s\000s\000i\000a\000n\000a}{chapter.6}% 128
\BOOKMARK [1][-]{section.6.7}{\376\377\000S\000t\000i\000m\000a\000\040\000d\000i\000\040\000M\000e\000d\000i\000a\000\040\000e\000\040\000D\000e\000v\000i\000a\000z\000i\000o\000n\000e\000\040\000S\000t\000a\000n\000d\000a\000r\000d}{chapter.6}% 129
\BOOKMARK [2][-]{subsection.6.7.1}{\376\377\000C\000a\000l\000c\000o\000l\000o\000\040\000d\000e\000l\000l\000a\000\040\000M\000e\000d\000i\000a}{section.6.7}% 130
\BOOKMARK [2][-]{subsection.6.7.2}{\376\377\000C\000a\000l\000c\000o\000l\000o\000\040\000d\000e\000l\000l\000a\000\040\000D\000e\000v\000i\000a\000z\000i\000o\000n\000e\000\040\000S\000t\000a\000n\000d\000a\000r\000d}{section.6.7}% 131
\BOOKMARK [2][-]{subsection.6.7.3}{\376\377\000C\000a\000l\000c\000o\000l\000o\000\040\000d\000e\000l\000l\000a\000\040\000D\000e\000v\000i\000a\000z\000i\000o\000n\000e\000\040\000S\000t\000a\000n\000d\000a\000r\000d\000\040\000d\000e\000l\000l\000a\000\040\000M\000e\000d\000i\000a}{section.6.7}% 132
\BOOKMARK [1][-]{section.6.8}{\376\377\000E\000s\000e\000m\000p\000i\000o\000\040\000P\000r\000a\000t\000i\000c\000o\000\040\000i\000n\000\040\000P\000y\000t\000h\000o\000n}{chapter.6}% 133
\BOOKMARK [2][-]{subsection.6.8.1}{\376\377\000S\000i\000g\000n\000i\000f\000i\000c\000a\000t\000o\000\040\000d\000e\000l\000l\000e\000\040\000V\000a\000r\000i\000a\000b\000i\000l\000i\000,\000\040\000M\000o\000d\000u\000l\000i\000,\000\040\000F\000u\000n\000z\000i\000o\000n\000i\000\040\000e\000\040\000P\000a\000r\000a\000m\000e\000t\000r\000i}{section.6.8}% 134
\BOOKMARK [1][-]{section.6.9}{\376\377\000U\000s\000o\000\040\000d\000i\000\040\000M\000a\000t\000p\000l\000o\000t\000l\000i\000b\000\040\000p\000e\000r\000\040\000l\000a\000\040\000V\000i\000s\000u\000a\000l\000i\000z\000z\000a\000z\000i\000o\000n\000e\000\040\000d\000e\000i\000\040\000D\000a\000t\000i}{chapter.6}% 135
\BOOKMARK [2][-]{subsection.6.9.1}{\376\377\000E\000s\000e\000m\000p\000i\000o\000\040\000d\000i\000\040\000G\000r\000a\000f\000i\000c\000o}{section.6.9}% 136
\BOOKMARK [1][-]{section.6.10}{\376\377\000R\000e\000g\000r\000e\000s\000s\000i\000o\000n\000e\000\040\000L\000i\000n\000e\000a\000r\000e}{chapter.6}% 137
\BOOKMARK [2][-]{subsection.6.10.1}{\376\377\000T\000a\000b\000e\000l\000l\000a\000\040\000d\000e\000i\000\040\000D\000a\000t\000i}{section.6.10}% 138
\BOOKMARK [2][-]{subsection.6.10.2}{\376\377\000R\000e\000g\000r\000e\000s\000s\000i\000o\000n\000e\000\040\000L\000i\000n\000e\000a\000r\000e}{section.6.10}% 139
\BOOKMARK [2][-]{subsection.6.10.3}{\376\377\000U\000s\000o\000\040\000d\000i\000\040\000P\000y\000t\000h\000o\000n\000\040\000p\000e\000r\000\040\000l\000a\000\040\000R\000e\000g\000r\000e\000s\000s\000i\000o\000n\000e\000\040\000L\000i\000n\000e\000a\000r\000e}{section.6.10}% 140
\BOOKMARK [2][-]{subsection.6.10.4}{\376\377\000O\000u\000t\000p\000u\000t\000\040\000d\000e\000l\000\040\000C\000o\000d\000i\000c\000e\000\040\000P\000y\000t\000h\000o\000n}{section.6.10}% 141
\BOOKMARK [1][-]{section.6.11}{\376\377\000E\000s\000e\000m\000p\000i\000o\000\040\000c\000o\000m\000p\000l\000e\000s\000s\000o}{chapter.6}% 142
\BOOKMARK [2][-]{subsection.6.11.1}{\376\377\000A\000n\000a\000l\000i\000s\000i\000\040\000d\000e\000i\000\040\000D\000a\000t\000i}{section.6.11}% 143
\BOOKMARK [1][-]{section.6.12}{\376\377\000D\000e\000t\000t\000a\000g\000l\000i\000\040\000s\000u\000l\000\040\000c\000o\000d\000i\000c\000e}{chapter.6}% 144
\BOOKMARK [2][-]{subsection.6.12.1}{\376\377\000D\000a\000t\000i\000\040\000S\000p\000e\000r\000i\000m\000e\000n\000t\000a\000l\000i}{section.6.12}% 145
\BOOKMARK [2][-]{subsection.6.12.2}{\376\377\000C\000a\000l\000c\000o\000l\000o\000\040\000d\000i\000\040\000t\000\262}{section.6.12}% 146
\BOOKMARK [2][-]{subsection.6.12.3}{\376\377\000D\000e\000f\000i\000n\000i\000z\000i\000o\000n\000e\000\040\000d\000e\000l\000l\000a\000\040\000F\000u\000n\000z\000i\000o\000n\000e\000\040\000d\000i\000\040\000M\000o\000d\000e\000l\000l\000o}{section.6.12}% 147
\BOOKMARK [2][-]{subsection.6.12.4}{\376\377\000R\000e\000g\000r\000e\000s\000s\000i\000o\000n\000e\000\040\000L\000i\000n\000e\000a\000r\000e}{section.6.12}% 148
\BOOKMARK [2][-]{subsection.6.12.5}{\376\377\000C\000a\000l\000c\000o\000l\000o\000\040\000d\000e\000l\000l\000'\000A\000c\000c\000e\000l\000e\000r\000a\000z\000i\000o\000n\000e\000\040\000d\000i\000\040\000G\000r\000a\000v\000i\000t\000\340}{section.6.12}% 149
\BOOKMARK [2][-]{subsection.6.12.6}{\376\377\000C\000a\000l\000c\000o\000l\000o\000\040\000d\000e\000l\000l\000'\000E\000r\000r\000o\000r\000e\000\040\000A\000s\000s\000o\000c\000i\000a\000t\000o}{section.6.12}% 150
\BOOKMARK [2][-]{subsection.6.12.7}{\376\377\000C\000r\000e\000a\000z\000i\000o\000n\000e\000\040\000d\000e\000l\000\040\000G\000r\000a\000f\000i\000c\000o}{section.6.12}% 151
\BOOKMARK [1][-]{section.6.13}{\376\377\000C\000o\000n\000c\000l\000u\000s\000i\000o\000n\000i}{chapter.6}% 152
\BOOKMARK [2][-]{subsection.6.13.1}{\376\377\000D\000i\000s\000t\000r\000i\000b\000u\000z\000i\000o\000n\000i\000\040\000d\000i\000\040\000P\000r\000o\000b\000a\000b\000i\000l\000i\000t\000\340\000\040\000e\000\040\000I\000s\000t\000o\000g\000r\000a\000m\000m\000i}{section.6.13}% 153
\BOOKMARK [2][-]{subsection.6.13.2}{\376\377\000R\000e\000g\000r\000e\000s\000s\000i\000o\000n\000e\000\040\000L\000i\000n\000e\000a\000r\000e}{section.6.13}% 154
\BOOKMARK [2][-]{subsection.6.13.3}{\376\377\000S\000c\000r\000i\000p\000t\000\040\000P\000y\000t\000h\000o\000n\000\040\000p\000e\000r\000\040\000l\000'\000A\000n\000a\000l\000i\000s\000i}{section.6.13}% 155
\BOOKMARK [2][-]{subsection.6.13.4}{\376\377\000S\000i\000n\000t\000e\000s\000i\000\040\000e\000\040\000P\000r\000o\000s\000p\000e\000t\000t\000i\000v\000e\000\040\000F\000u\000t\000u\000r\000e}{section.6.13}% 156
