\BOOKMARK [1][-]{section.1}{\376\377\000I\000n\000t\000r\000o\000d\000u\000z\000i\000o\000n\000e}{}% 1
\BOOKMARK [1][-]{section.2}{\376\377\000M\000i\000s\000u\000r\000e\000\040\000c\000o\000m\000e\000\040\000V\000a\000r\000i\000a\000b\000i\000l\000i\000\040\000C\000a\000s\000u\000a\000l\000i}{}% 2
\BOOKMARK [1][-]{section.3}{\376\377\000U\000s\000o\000\040\000d\000i\000\040\000M\000a\000t\000p\000l\000o\000t\000l\000i\000b\000\040\000p\000e\000r\000\040\000l\000a\000\040\000V\000i\000s\000u\000a\000l\000i\000z\000z\000a\000z\000i\000o\000n\000e\000\040\000d\000e\000i\000\040\000D\000a\000t\000i}{}% 3
\BOOKMARK [2][-]{subsection.3.1}{\376\377\000E\000s\000e\000m\000p\000i\000o\000\040\000d\000i\000\040\000G\000r\000a\000f\000i\000c\000o}{section.3}% 4
\BOOKMARK [1][-]{section.4}{\376\377\000S\000p\000i\000e\000g\000a\000z\000i\000o\000n\000e\000\040\000d\000e\000l\000\040\000C\000o\000d\000i\000c\000e\000\040\000p\000e\000r\000\040\000u\000n\000\040\000G\000r\000a\000f\000i\000c\000o\000\040\000S\000p\000e\000r\000i\000m\000e\000n\000t\000a\000l\000e}{}% 5
\BOOKMARK [2][-]{subsection.4.1}{\376\377\000I\000m\000p\000o\000r\000t\000a\000z\000i\000o\000n\000e\000\040\000d\000e\000l\000l\000e\000\040\000l\000i\000b\000r\000e\000r\000i\000e}{section.4}% 6
\BOOKMARK [2][-]{subsection.4.2}{\376\377\000D\000a\000t\000i\000\040\000d\000i\000\040\000e\000s\000e\000m\000p\000i\000o}{section.4}% 7
\BOOKMARK [2][-]{subsection.4.3}{\376\377\000C\000r\000e\000a\000z\000i\000o\000n\000e\000\040\000d\000e\000l\000l\000a\000\040\000f\000i\000g\000u\000r\000a\000\040\000e\000\040\000d\000e\000l\000l\000'\000a\000s\000s\000e}{section.4}% 8
\BOOKMARK [2][-]{subsection.4.4}{\376\377\000C\000r\000e\000a\000z\000i\000o\000n\000e\000\040\000d\000e\000l\000\040\000g\000r\000a\000f\000i\000c\000o\000\040\000c\000o\000n\000\040\000b\000a\000r\000r\000e\000\040\000d\000i\000\040\000e\000r\000r\000o\000r\000e}{section.4}% 9
\BOOKMARK [2][-]{subsection.4.5}{\376\377\000A\000g\000g\000i\000u\000n\000t\000a\000\040\000d\000i\000\040\000e\000t\000i\000c\000h\000e\000t\000t\000e\000\040\000a\000g\000l\000i\000\040\000a\000s\000s\000i}{section.4}% 10
\BOOKMARK [2][-]{subsection.4.6}{\376\377\000A\000g\000g\000i\000u\000n\000t\000a\000\040\000d\000i\000\040\000u\000n\000\040\000t\000i\000t\000o\000l\000o}{section.4}% 11
\BOOKMARK [2][-]{subsection.4.7}{\376\377\000A\000g\000g\000i\000u\000n\000t\000a\000\040\000d\000i\000\040\000u\000n\000a\000\040\000l\000e\000g\000e\000n\000d\000a}{section.4}% 12
\BOOKMARK [2][-]{subsection.4.8}{\376\377\000A\000g\000g\000i\000u\000n\000t\000a\000\040\000d\000i\000\040\000u\000n\000a\000\040\000g\000r\000i\000g\000l\000i\000a}{section.4}% 13
\BOOKMARK [2][-]{subsection.4.9}{\376\377\000V\000i\000s\000u\000a\000l\000i\000z\000z\000a\000z\000i\000o\000n\000e\000\040\000d\000e\000l\000\040\000g\000r\000a\000f\000i\000c\000o}{section.4}% 14
\BOOKMARK [1][-]{section.5}{\376\377\000I\000s\000t\000o\000g\000r\000a\000m\000m\000i\000\040\000a\000\040\000B\000i\000n\000s}{}% 15
\BOOKMARK [1][-]{section.6}{\376\377\000S\000p\000i\000e\000g\000a\000z\000i\000o\000n\000e\000\040\000d\000e\000l\000\040\000C\000o\000d\000i\000c\000e\000\040\000p\000e\000r\000\040\000c\000r\000e\000a\000r\000e\000\040\000u\000n\000'\000i\000s\000t\000o\000g\000r\000a\000m\000m\000a}{}% 16
\BOOKMARK [2][-]{subsection.6.1}{\376\377\000I\000m\000p\000o\000r\000t\000a\000z\000i\000o\000n\000e\000\040\000d\000e\000l\000l\000e\000\040\000L\000i\000b\000r\000e\000r\000i\000e}{section.6}% 17
\BOOKMARK [2][-]{subsection.6.2}{\376\377\000G\000e\000n\000e\000r\000a\000z\000i\000o\000n\000e\000\040\000d\000e\000i\000\040\000D\000a\000t\000i}{section.6}% 18
\BOOKMARK [2][-]{subsection.6.3}{\376\377\000C\000r\000e\000a\000z\000i\000o\000n\000e\000\040\000d\000e\000l\000l\000a\000\040\000F\000i\000g\000u\000r\000a\000\040\000e\000\040\000d\000e\000l\000l\000'\000A\000s\000s\000e}{section.6}% 19
\BOOKMARK [2][-]{subsection.6.4}{\376\377\000C\000r\000e\000a\000z\000i\000o\000n\000e\000\040\000d\000e\000l\000l\000'\000I\000s\000t\000o\000g\000r\000a\000m\000m\000a}{section.6}% 20
\BOOKMARK [2][-]{subsection.6.5}{\376\377\000A\000g\000g\000i\000u\000n\000t\000a\000\040\000d\000i\000\040\000E\000t\000i\000c\000h\000e\000t\000t\000e\000\040\000e\000\040\000T\000i\000t\000o\000l\000o}{section.6}% 21
\BOOKMARK [2][-]{subsection.6.6}{\376\377\000A\000g\000g\000i\000u\000n\000t\000a\000\040\000d\000i\000\040\000u\000n\000a\000\040\000L\000e\000g\000e\000n\000d\000a\000\040\000e\000\040\000d\000i\000\040\000u\000n\000a\000\040\000G\000r\000i\000g\000l\000i\000a}{section.6}% 22
\BOOKMARK [2][-]{subsection.6.7}{\376\377\000V\000i\000s\000u\000a\000l\000i\000z\000z\000a\000z\000i\000o\000n\000e\000\040\000d\000e\000l\000\040\000G\000r\000a\000f\000i\000c\000o}{section.6}% 23
\BOOKMARK [1][-]{section.7}{\376\377\000E\000s\000e\000m\000p\000i\000o\000\040\000d\000i\000\040\000i\000s\000t\000o\000g\000r\000a\000m\000m\000a\000\040\000s\000p\000e\000r\000i\000m\000e\000n\000t\000a\000l\000e}{}% 24
\BOOKMARK [2][-]{subsection.7.1}{\376\377\000I\000n\000t\000r\000o\000d\000u\000z\000i\000o\000n\000e}{section.7}% 25
\BOOKMARK [2][-]{subsection.7.2}{\376\377\000D\000e\000s\000c\000r\000i\000z\000i\000o\000n\000e\000\040\000d\000e\000l\000l\000'\000e\000s\000p\000e\000r\000i\000m\000e\000n\000t\000o}{section.7}% 26
\BOOKMARK [2][-]{subsection.7.3}{\376\377\000F\000i\000s\000i\000c\000a\000\040\000d\000e\000l\000l\000'\000e\000s\000p\000e\000r\000i\000m\000e\000n\000t\000o}{section.7}% 27
\BOOKMARK [2][-]{subsection.7.4}{\376\377\000C\000r\000e\000a\000z\000i\000o\000n\000e\000\040\000d\000e\000l\000l\000'\000i\000s\000t\000o\000g\000r\000a\000m\000m\000a\000\040\000c\000o\000n\000\040\000P\000y\000t\000h\000o\000n}{section.7}% 28
\BOOKMARK [3][-]{subsubsection.7.4.1}{\376\377\000S\000p\000i\000e\000g\000a\000z\000i\000o\000n\000e\000\040\000d\000e\000l\000\040\000c\000o\000d\000i\000c\000e}{subsection.7.4}% 29
\BOOKMARK [2][-]{subsection.7.5}{\376\377\000R\000i\000s\000u\000l\000t\000a\000t\000i}{section.7}% 30
\BOOKMARK [1][-]{section.8}{\376\377\000D\000i\000s\000t\000r\000i\000b\000u\000z\000i\000o\000n\000e\000\040\000d\000i\000\040\000P\000r\000o\000b\000a\000b\000i\000l\000i\000t\000\340}{}% 31
\BOOKMARK [2][-]{subsection.8.1}{\376\377\000L\000a\000\040\000C\000u\000r\000v\000a\000\040\000d\000i\000\040\000G\000a\000u\000s\000s}{section.8}% 32
\BOOKMARK [1][-]{section.9}{\376\377\000S\000t\000i\000m\000a\000\040\000d\000i\000\040\000M\000e\000d\000i\000a\000\040\000e\000\040\000D\000e\000v\000i\000a\000z\000i\000o\000n\000e\000\040\000S\000t\000a\000n\000d\000a\000r\000d}{}% 33
\BOOKMARK [2][-]{subsection.9.1}{\376\377\000C\000a\000l\000c\000o\000l\000o\000\040\000d\000e\000l\000l\000a\000\040\000M\000e\000d\000i\000a}{section.9}% 34
\BOOKMARK [2][-]{subsection.9.2}{\376\377\000C\000a\000l\000c\000o\000l\000o\000\040\000d\000e\000l\000l\000a\000\040\000D\000e\000v\000i\000a\000z\000i\000o\000n\000e\000\040\000S\000t\000a\000n\000d\000a\000r\000d}{section.9}% 35
\BOOKMARK [2][-]{subsection.9.3}{\376\377\000C\000a\000l\000c\000o\000l\000o\000\040\000d\000e\000l\000l\000a\000\040\000D\000e\000v\000i\000a\000z\000i\000o\000n\000e\000\040\000S\000t\000a\000n\000d\000a\000r\000d\000\040\000d\000e\000l\000l\000a\000\040\000M\000e\000d\000i\000a}{section.9}% 36
\BOOKMARK [1][-]{section.10}{\376\377\000E\000s\000e\000m\000p\000i\000o\000:\000\040\000i\000s\000t\000o\000g\000r\000a\000m\000m\000a\000\040\000e\000\040\000d\000i\000s\000t\000r\000i\000b\000u\000z\000i\000o\000n\000e}{}% 37
\BOOKMARK [1][-]{section.11}{\376\377\000S\000p\000i\000e\000g\000a\000z\000i\000o\000n\000e\000\040\000d\000e\000l\000\040\000C\000o\000d\000i\000c\000e\000\040\000p\000e\000r\000\040\000m\000o\000s\000t\000r\000a\000r\000e\000\040\000u\000n\000\040\000i\000s\000t\000o\000g\000r\000a\000m\000m\000a\000\040\000e\000\040\000u\000n\000a\000\040\000g\000a\000u\000s\000s\000i\000a\000n\000a}{}% 38
\BOOKMARK [2][-]{subsection.11.1}{\376\377\000I\000m\000p\000o\000r\000t\000a\000z\000i\000o\000n\000e\000\040\000d\000e\000i\000\040\000M\000o\000d\000u\000l\000i}{section.11}% 39
\BOOKMARK [2][-]{subsection.11.2}{\376\377\000D\000e\000f\000i\000n\000i\000z\000i\000o\000n\000e\000\040\000d\000e\000i\000\040\000D\000a\000t\000i}{section.11}% 40
\BOOKMARK [2][-]{subsection.11.3}{\376\377\000C\000a\000l\000c\000o\000l\000o\000\040\000d\000e\000l\000l\000e\000\040\000S\000t\000a\000t\000i\000s\000t\000i\000c\000h\000e}{section.11}% 41
\BOOKMARK [2][-]{subsection.11.4}{\376\377\000A\000r\000r\000o\000t\000o\000n\000d\000a\000m\000e\000n\000t\000i}{section.11}% 42
\BOOKMARK [2][-]{subsection.11.5}{\376\377\000C\000r\000e\000a\000z\000i\000o\000n\000e\000\040\000d\000e\000l\000l\000'\000I\000s\000t\000o\000g\000r\000a\000m\000m\000a}{section.11}% 43
\BOOKMARK [2][-]{subsection.11.6}{\376\377\000S\000o\000v\000r\000a\000p\000p\000o\000s\000i\000z\000i\000o\000n\000e\000\040\000d\000e\000l\000l\000a\000\040\000C\000u\000r\000v\000a\000\040\000G\000a\000u\000s\000s\000i\000a\000n\000a}{section.11}% 44
\BOOKMARK [2][-]{subsection.11.7}{\376\377\000V\000i\000s\000u\000a\000l\000i\000z\000z\000a\000z\000i\000o\000n\000e\000\040\000d\000e\000l\000l\000a\000\040\000M\000e\000d\000i\000a\000\040\000e\000\040\000d\000e\000l\000l\000a\000\040\000D\000e\000v\000i\000a\000z\000i\000o\000n\000e\000\040\000S\000t\000a\000n\000d\000a\000r\000d}{section.11}% 45
\BOOKMARK [2][-]{subsection.11.8}{\376\377\000I\000m\000p\000o\000s\000t\000a\000z\000i\000o\000n\000e\000\040\000d\000e\000l\000l\000e\000\040\000E\000t\000i\000c\000h\000e\000t\000t\000e\000\040\000d\000e\000i\000\040\000B\000i\000n\000s}{section.11}% 46
\BOOKMARK [2][-]{subsection.11.9}{\376\377\000M\000i\000g\000l\000i\000o\000r\000a\000m\000e\000n\000t\000o\000\040\000d\000e\000l\000l\000a\000\040\000D\000i\000s\000p\000o\000s\000i\000z\000i\000o\000n\000e\000\040\000d\000e\000l\000\040\000G\000r\000a\000f\000i\000c\000o}{section.11}% 47
\BOOKMARK [2][-]{subsection.11.10}{\376\377\000S\000a\000l\000v\000a\000t\000a\000g\000g\000i\000o\000\040\000e\000\040\000V\000i\000s\000u\000a\000l\000i\000z\000z\000a\000z\000i\000o\000n\000e\000\040\000d\000e\000l\000\040\000G\000r\000a\000f\000i\000c\000o}{section.11}% 48
\BOOKMARK [2][-]{subsection.11.11}{\376\377\000R\000i\000s\000u\000l\000t\000a\000t\000o\000\040\000F\000i\000n\000a\000l\000e}{section.11}% 49
\BOOKMARK [1][-]{section.12}{\376\377\000C\000o\000s\000'\000\350\000\040\000i\000l\000\040\000B\000e\000s\000t\000\040\000F\000i\000t\000\040\000L\000i\000n\000e\000a\000r\000e}{}% 50
\BOOKMARK [2][-]{subsection.12.1}{\376\377\000L\000'\000E\000q\000u\000a\000z\000i\000o\000n\000e\000\040\000d\000e\000l\000l\000a\000\040\000R\000e\000t\000t\000a}{section.12}% 51
\BOOKMARK [2][-]{subsection.12.2}{\376\377\000C\000a\000l\000c\000o\000l\000o\000\040\000d\000e\000l\000\040\000B\000e\000s\000t\000\040\000F\000i\000t\000\040\000L\000i\000n\000e\000a\000r\000e}{section.12}% 52
\BOOKMARK [1][-]{section.13}{\376\377\000S\000t\000u\000d\000i\000o\000\040\000d\000i\000\040\000m\000o\000t\000o\000\040\000r\000e\000t\000t\000i\000l\000i\000n\000e\000o\000\040\000u\000n\000i\000f\000o\000r\000m\000e}{}% 53
\BOOKMARK [1][-]{section.14}{\376\377\000B\000e\000s\000t\000\040\000F\000i\000t\000\040\000c\000o\000n\000\040\000n\000u\000m\000p\000y\000\040\000e\000\040\000s\000c\000i\000p\000y\000.\000o\000p\000t\000i\000m\000i\000z\000e\000.\000c\000u\000r\000v\000e\000f\000i\000t}{}% 54
\BOOKMARK [2][-]{subsection.14.1}{\376\377\000n\000u\000m\000p\000y\000\040\000e\000\040\000a\000\040\000+\000\040\000b\000\040\000x}{section.14}% 55
\BOOKMARK [2][-]{subsection.14.2}{\376\377\000s\000c\000i\000p\000y\000\040\000e\000\040\000c\000u\000r\000v\000e\000f\000i\000t}{section.14}% 56
\BOOKMARK [1][-]{section.15}{\376\377\000E\000s\000e\000m\000p\000i\000o\000\040\000d\000i\000\040\000D\000a\000t\000i\000\040\000S\000p\000e\000r\000i\000m\000e\000n\000t\000a\000l\000i}{}% 57
\BOOKMARK [1][-]{section.16}{\376\377\000C\000o\000d\000i\000c\000e\000\040\000P\000y\000t\000h\000o\000n\000\040\000p\000e\000r\000\040\000l\000a\000\040\000R\000e\000g\000r\000e\000s\000s\000i\000o\000n\000e\000\040\000L\000i\000n\000e\000a\000r\000e}{}% 58
\BOOKMARK [1][-]{section.17}{\376\377\000S\000p\000i\000e\000g\000a\000z\000i\000o\000n\000e\000\040\000d\000e\000i\000\040\000R\000i\000s\000u\000l\000t\000a\000t\000i}{}% 59
\BOOKMARK [2][-]{subsection.17.1}{\376\377\000E\000s\000e\000m\000p\000i\000o\000\040\000c\000o\000m\000p\000l\000e\000s\000s\000o}{section.17}% 60
\BOOKMARK [2][-]{subsection.17.2}{\376\377\000A\000n\000a\000l\000i\000s\000i\000\040\000d\000e\000i\000\040\000D\000a\000t\000i}{section.17}% 61
\BOOKMARK [1][-]{section.18}{\376\377\000D\000e\000t\000t\000a\000g\000l\000i\000\040\000s\000u\000l\000\040\000c\000o\000d\000i\000c\000e}{}% 62
\BOOKMARK [2][-]{subsection.18.1}{\376\377\000D\000a\000t\000i\000\040\000S\000p\000e\000r\000i\000m\000e\000n\000t\000a\000l\000i}{section.18}% 63
\BOOKMARK [2][-]{subsection.18.2}{\376\377\000C\000a\000l\000c\000o\000l\000o\000\040\000d\000i\000\040\000\040\000t\0002\000\040}{section.18}% 64
\BOOKMARK [2][-]{subsection.18.3}{\376\377\000D\000e\000f\000i\000n\000i\000z\000i\000o\000n\000e\000\040\000d\000e\000l\000l\000a\000\040\000F\000u\000n\000z\000i\000o\000n\000e\000\040\000d\000i\000\040\000M\000o\000d\000e\000l\000l\000o}{section.18}% 65
\BOOKMARK [2][-]{subsection.18.4}{\376\377\000R\000e\000g\000r\000e\000s\000s\000i\000o\000n\000e\000\040\000L\000i\000n\000e\000a\000r\000e}{section.18}% 66
\BOOKMARK [2][-]{subsection.18.5}{\376\377\000C\000a\000l\000c\000o\000l\000o\000\040\000d\000e\000l\000l\000'\000A\000c\000c\000e\000l\000e\000r\000a\000z\000i\000o\000n\000e\000\040\000d\000i\000\040\000G\000r\000a\000v\000i\000t\000\340}{section.18}% 67
\BOOKMARK [2][-]{subsection.18.6}{\376\377\000C\000a\000l\000c\000o\000l\000o\000\040\000d\000e\000l\000l\000'\000E\000r\000r\000o\000r\000e\000\040\000A\000s\000s\000o\000c\000i\000a\000t\000o}{section.18}% 68
\BOOKMARK [2][-]{subsection.18.7}{\376\377\000C\000r\000e\000a\000z\000i\000o\000n\000e\000\040\000d\000e\000l\000\040\000G\000r\000a\000f\000i\000c\000o}{section.18}% 69
